2025-12-04 12:42:35 | INFO     | Database engine initialized successfully
2025-12-04 12:42:36 | INFO     | Проверка и применение миграций базы данных...
2025-12-04 12:42:36 | INFO     | Подключение к базе данных установлено
2025-12-04 12:42:36 | INFO     | Database engine initialized successfully
2025-12-04 12:42:37 | INFO     | Миграции применены успешно. Найдено таблиц: 12
2025-12-04 12:42:37 | INFO     | Bot started
2025-12-04 12:43:37 | ERROR    | Ошибка при создании клиента в 3x-ui: Не удалось получить список inbounds с сервера
2025-12-04 12:43:37 | ERROR    | Traceback (most recent call last):
  File "/app/handlers/buy/payment.py", line 1290, in handle_successful_payment
    raise Exception("Не удалось получить список inbounds с сервера")
Exception: Не удалось получить список inbounds с сервера

2025-12-04 12:46:26 | INFO     | Database engine initialized successfully
2025-12-04 12:46:27 | INFO     | Проверка и применение миграций базы данных...
2025-12-04 12:46:27 | INFO     | Подключение к базе данных установлено
2025-12-04 12:46:27 | INFO     | Database engine initialized successfully
2025-12-04 12:46:28 | INFO     | Миграции применены успешно. Найдено таблиц: 12
2025-12-04 12:46:28 | INFO     | Bot started
2025-12-04 12:47:49 | INFO     | VLESS client created: lv@vless&ynchkkkk&66b026
2025-12-04 12:47:49 | INFO     | Subscription keys received for 1 clients
2025-12-04 12:55:31 | INFO     | Database engine initialized successfully
2025-12-04 12:56:03 | INFO     | Database engine initialized successfully
2025-12-04 12:56:29 | INFO     | Database engine initialized successfully
2025-12-04 12:59:12 | INFO     | Database engine initialized successfully
2025-12-04 19:11:30 | INFO     | Database engine initialized successfully
2025-12-04 19:11:30 | INFO     | Проверка и применение миграций базы данных...
2025-12-04 19:11:30 | INFO     | Подключение к базе данных установлено
2025-12-04 19:11:31 | INFO     | Database engine initialized successfully
2025-12-04 19:11:32 | INFO     | Миграции применены успешно. Найдено таблиц: 13
2025-12-04 19:11:32 | INFO     | Bot started
2025-12-05 10:01:59 | INFO     | Database engine initialized successfully
2025-12-05 10:02:00 | INFO     | Проверка и применение миграций базы данных...
2025-12-05 10:02:00 | INFO     | Подключение к базе данных установлено
2025-12-05 10:02:00 | INFO     | Database engine initialized successfully
2025-12-05 10:02:01 | INFO     | Миграции применены успешно. Найдено таблиц: 13
2025-12-05 10:02:01 | INFO     | Bot started
2025-12-05 11:13:58 | INFO     | Database engine initialized successfully
2025-12-05 11:13:59 | INFO     | Проверка и применение миграций базы данных...
2025-12-05 11:13:59 | INFO     | Подключение к базе данных установлено
2025-12-05 11:13:59 | INFO     | Database engine initialized successfully
2025-12-05 11:14:00 | INFO     | Миграции применены успешно. Найдено таблиц: 13
2025-12-05 11:14:00 | INFO     | Bot started
2025-12-05 13:46:03 | INFO     | Database engine initialized successfully
2025-12-05 13:46:04 | INFO     | Проверка и применение миграций базы данных...
2025-12-05 13:46:04 | INFO     | Подключение к базе данных установлено
2025-12-05 13:46:05 | INFO     | Database engine initialized successfully
2025-12-05 13:46:05 | INFO     | Миграции применены успешно. Найдено таблиц: 13
2025-12-05 13:46:06 | INFO     | Bot started
2025-12-05 13:46:10 | INFO     | Database engine initialized successfully
2025-12-05 13:46:10 | INFO     | Проверка и применение миграций базы данных...
2025-12-05 13:46:10 | INFO     | Подключение к базе данных установлено
2025-12-05 13:46:11 | INFO     | Database engine initialized successfully
2025-12-05 13:46:11 | INFO     | Миграции применены успешно. Найдено таблиц: 13
2025-12-05 13:46:11 | INFO     | Bot started
2025-12-05 14:50:19 | INFO     | Database engine initialized successfully
2025-12-05 14:50:20 | INFO     | Проверка и применение миграций базы данных...
2025-12-05 14:50:21 | INFO     | Подключение к базе данных установлено
2025-12-05 14:50:21 | INFO     | Database engine initialized successfully
2025-12-05 14:50:22 | INFO     | Миграции применены успешно. Найдено таблиц: 13
2025-12-05 14:50:22 | INFO     | Bot started
2025-12-05 15:04:35 | INFO     | Database engine initialized successfully
2025-12-05 15:04:36 | INFO     | Проверка и применение миграций базы данных...
2025-12-05 15:04:36 | INFO     | Подключение к базе данных установлено
2025-12-05 15:04:36 | INFO     | Database engine initialized successfully
2025-12-05 15:04:37 | INFO     | Миграции применены успешно. Найдено таблиц: 13
2025-12-05 15:04:37 | INFO     | Bot started
2025-12-05 15:27:07 | INFO     | Database engine initialized successfully
2025-12-05 15:30:54 | INFO     | Database engine initialized successfully
2025-12-05 15:31:00 | INFO     | Database engine initialized successfully
2025-12-05 15:31:00 | INFO     | Проверка и применение миграций базы данных...
2025-12-05 15:31:00 | INFO     | Подключение к базе данных установлено
2025-12-05 15:31:01 | INFO     | Database engine initialized successfully
2025-12-05 15:31:01 | INFO     | Миграции применены успешно. Найдено таблиц: 13
2025-12-05 15:31:01 | INFO     | Bot started
2025-12-05 15:35:00 | INFO     | Database engine initialized successfully
2025-12-05 15:35:05 | INFO     | Database engine initialized successfully
2025-12-05 15:35:06 | INFO     | Проверка и применение миграций базы данных...
2025-12-05 15:35:06 | INFO     | Подключение к базе данных установлено
2025-12-05 15:35:06 | INFO     | Database engine initialized successfully
2025-12-05 15:35:07 | INFO     | Миграции применены успешно. Найдено таблиц: 13
2025-12-05 15:35:07 | INFO     | Bot started
2025-12-05 15:42:24 | INFO     | Database engine initialized successfully
2025-12-05 15:42:24 | INFO     | Проверка и применение миграций базы данных...
2025-12-05 15:42:24 | INFO     | Подключение к базе данных установлено
2025-12-05 15:42:25 | INFO     | Database engine initialized successfully
2025-12-05 15:42:25 | INFO     | Миграции применены успешно. Найдено таблиц: 13
2025-12-05 15:42:26 | INFO     | Bot started
2025-12-05 15:47:53 | INFO     | Database engine initialized successfully
2025-12-05 15:47:54 | INFO     | Проверка и применение миграций базы данных...
2025-12-05 15:47:54 | INFO     | Подключение к базе данных установлено
2025-12-05 15:47:54 | INFO     | Database engine initialized successfully
2025-12-05 15:47:55 | INFO     | Миграции применены успешно. Найдено таблиц: 13
2025-12-05 15:47:55 | INFO     | Bot started
2025-12-05 15:49:17 | INFO     | ✅ Создано клиентов во всех инбаундах: 4/4
2025-12-05 15:49:17 | INFO     |    - Inbound 1 (vless, network: tcp): lv@tcp&ynchkkkk&87e623&1
2025-12-05 15:49:17 | INFO     |    - Inbound 2 (vless, network: ws): lv@ws&ynchkkkk&87e623&2
2025-12-05 15:49:17 | INFO     |    - Inbound 3 (vless, network: xhttp): lv@xhttp&ynchkkkk&87e623&3
2025-12-05 15:49:17 | INFO     |    - Inbound 4 (trojan, network: grpc): lv@grpc&ynchkkkk&87e623&4
2025-12-05 15:49:17 | INFO     | Subscription keys received for 4 clients
2025-12-05 15:50:46 | INFO     | Database engine initialized successfully
2025-12-05 15:50:51 | INFO     | Database engine initialized successfully
2025-12-05 15:50:51 | INFO     | Database engine initialized successfully
2025-12-05 15:50:52 | INFO     | Проверка и применение миграций базы данных...
2025-12-05 15:50:52 | INFO     | Подключение к базе данных установлено
2025-12-05 15:50:52 | INFO     | Database engine initialized successfully
2025-12-05 15:50:53 | ERROR    | Ошибка при применении миграций: [Errno 111] Connect call failed ('172.18.0.2', 5432)
2025-12-05 15:50:53 | INFO     | Bot started
2025-12-05 15:50:56 | INFO     | Database engine initialized successfully
2025-12-05 15:50:56 | INFO     | Проверка и применение миграций базы данных...
2025-12-05 15:50:56 | INFO     | Подключение к базе данных установлено
2025-12-05 15:50:56 | INFO     | Database engine initialized successfully
2025-12-05 15:50:57 | INFO     | Миграции применены успешно. Найдено таблиц: 13
2025-12-05 15:50:57 | INFO     | Bot started
2025-12-05 15:52:31 | INFO     | Database engine initialized successfully
2025-12-05 15:52:32 | INFO     | Проверка и применение миграций базы данных...
2025-12-05 15:52:32 | INFO     | Подключение к базе данных установлено
2025-12-05 15:52:32 | INFO     | Database engine initialized successfully
2025-12-05 15:52:33 | INFO     | Миграции применены успешно. Найдено таблиц: 13
2025-12-05 15:52:33 | INFO     | Bot started
2025-12-05 15:52:55 | INFO     | Database engine initialized successfully
2025-12-05 15:52:56 | INFO     | Проверка и применение миграций базы данных...
2025-12-05 15:52:56 | INFO     | Подключение к базе данных установлено
2025-12-05 15:52:56 | INFO     | Database engine initialized successfully
2025-12-05 15:52:57 | INFO     | Миграции применены успешно. Найдено таблиц: 13
2025-12-05 15:52:57 | INFO     | Bot started
2025-12-05 16:04:26 | INFO     | Database engine initialized successfully
2025-12-05 16:04:27 | INFO     | Проверка и применение миграций базы данных...
2025-12-05 16:04:27 | INFO     | Подключение к базе данных установлено
2025-12-05 16:04:27 | INFO     | Database engine initialized successfully
2025-12-05 16:04:28 | INFO     | Миграции применены успешно. Найдено таблиц: 13
2025-12-05 16:04:28 | INFO     | Bot started
2025-12-05 16:07:07 | INFO     | Database engine initialized successfully
2025-12-05 16:07:08 | INFO     | Проверка и применение миграций базы данных...
2025-12-05 16:07:08 | INFO     | Подключение к базе данных установлено
2025-12-05 16:07:08 | INFO     | Database engine initialized successfully
2025-12-05 16:07:09 | INFO     | Миграции применены успешно. Найдено таблиц: 13
2025-12-05 16:07:09 | INFO     | Bot started
2025-12-05 16:10:00 | INFO     | Database engine initialized successfully
2025-12-05 16:10:01 | INFO     | Проверка и применение миграций базы данных...
2025-12-05 16:10:01 | INFO     | Подключение к базе данных установлено
2025-12-05 16:10:01 | INFO     | Database engine initialized successfully
2025-12-05 16:10:02 | INFO     | Миграции применены успешно. Найдено таблиц: 13
2025-12-05 16:10:02 | INFO     | TEST_MODE = True (из переменной окружения: true)
2025-12-05 16:10:02 | INFO     | Bot started
2025-12-05 16:10:26 | INFO     | Database engine initialized successfully
2025-12-05 16:10:26 | INFO     | Проверка и применение миграций базы данных...
2025-12-05 16:10:26 | INFO     | Подключение к базе данных установлено
2025-12-05 16:10:27 | INFO     | Database engine initialized successfully
2025-12-05 16:10:27 | INFO     | Миграции применены успешно. Найдено таблиц: 13
2025-12-05 16:10:27 | INFO     | TEST_MODE = True (из переменной окружения: true)
2025-12-05 16:10:27 | INFO     | Bot started
2025-12-05 16:10:51 | INFO     | Database engine initialized successfully
2025-12-05 16:10:51 | INFO     | Проверка и применение миграций базы данных...
2025-12-05 16:10:51 | INFO     | Подключение к базе данных установлено
2025-12-05 16:10:52 | INFO     | Database engine initialized successfully
2025-12-05 16:10:52 | INFO     | Миграции применены успешно. Найдено таблиц: 13
2025-12-05 16:10:52 | INFO     | TEST_MODE = True (из переменной окружения: true)
2025-12-05 16:10:52 | INFO     | Bot started
2025-12-05 16:12:03 | INFO     | Database engine initialized successfully
2025-12-05 16:12:03 | INFO     | Проверка и применение миграций базы данных...
2025-12-05 16:12:03 | INFO     | Подключение к базе данных установлено
2025-12-05 16:12:04 | INFO     | Database engine initialized successfully
2025-12-05 16:12:04 | INFO     | Миграции применены успешно. Найдено таблиц: 13
2025-12-05 16:12:04 | INFO     | TEST_MODE = True (тип: bool)
2025-12-05 16:12:04 | INFO     | TEST_MODE из env: 'true' (тип: str)
2025-12-05 16:12:04 | INFO     | TEST_MODE после обработки: 'true'
2025-12-05 16:12:04 | INFO     | Bot started
2025-12-05 16:15:56 | ERROR    | ❌ ОШИБКА: TEST_MODE установлен в переменных окружения: 'false'
2025-12-05 16:15:56 | ERROR    | ❌ Это ПЕРЕЗАПИСЫВАЕТ значение из .env файла!
2025-12-05 16:15:56 | ERROR    | ❌ РЕШЕНИЕ:
2025-12-05 16:15:56 | ERROR    |    1. Удалите TEST_MODE из системных переменных Windows
2025-12-05 16:15:56 | ERROR    |    2. Или перезапустите Docker контейнер: docker compose down && docker compose up -d
2025-12-05 16:15:56 | ERROR    |    3. Или установите в docker-compose.yml: environment: TEST_MODE=false
2025-12-05 16:23:22 | INFO     | Database engine initialized successfully
2025-12-05 16:23:23 | INFO     | Проверка и применение миграций базы данных...
2025-12-05 16:23:23 | INFO     | Подключение к базе данных установлено
2025-12-05 16:23:23 | INFO     | Database engine initialized successfully
2025-12-05 16:23:24 | INFO     | Миграции применены успешно. Найдено таблиц: 13
2025-12-05 16:23:24 | INFO     | 📄 Найдено в .env файле: TEST_MODE=false
2025-12-05 16:23:24 | INFO     | ✅ Перезагружен .env файл: /app/.env
2025-12-05 16:23:24 | INFO     | 🔍 TEST_MODE = False (тип: bool)
2025-12-05 16:23:24 | INFO     | 🔍 TEST_MODE из env: 'false' (тип: str)
2025-12-05 16:23:24 | INFO     | Bot started
2025-12-05 16:24:54 | INFO     | ✅ Создано клиентов во всех инбаундах: 4/4
2025-12-05 16:24:54 | INFO     |    - Inbound 1 (vless, network: tcp): lv@tcp&ynchkkkk&3a6ab6&1
2025-12-05 16:24:54 | INFO     |    - Inbound 2 (vless, network: ws): lv@ws&ynchkkkk&3a6ab6&2
2025-12-05 16:24:54 | INFO     |    - Inbound 3 (vless, network: xhttp): lv@xhttp&ynchkkkk&3a6ab6&3
2025-12-05 16:24:54 | INFO     |    - Inbound 4 (trojan, network: grpc): lv@grpc&ynchkkkk&3a6ab6&4
2025-12-05 16:24:55 | INFO     | Subscription keys received for 4 clients
2025-12-05 16:41:55 | INFO     | Database engine initialized successfully
2025-12-05 16:41:56 | INFO     | Проверка и применение миграций базы данных...
2025-12-05 16:41:56 | INFO     | Подключение к базе данных установлено
2025-12-05 16:41:56 | INFO     | Database engine initialized successfully
2025-12-05 16:41:57 | ERROR    | Ошибка при применении миграций: INFO  [alembic.runtime.migration] Context impl PostgresqlImpl.
INFO  [alembic.runtime.migration] Will assume transactional DDL.
/usr/local/lib/python3.11/site-packages/alembic/script/revision.py:214: UserWarning: Revision a1b2c3d4e5f6 is present more than once
  util.warn(
Traceback (most recent call last):
  File "/usr/local/lib/python3.11/site-packages/alembic/script/base.py", line 251, in _catch_revision_errors
    yield
  File "/usr/local/lib/python3.11/site-packages/alembic/script/base.py", line 459, in _upgrade_revs
    for script in reversed(list(revs))
                           ^^^^^^^^^^
  File "/usr/local/lib/python3.11/site-packages/alembic/script/revision.py", line 813, in iterate_revisions
    revisions, heads = fn(
                       ^^^
  File "/usr/local/lib/python3.11/site-packages/alembic/script/revision.py", line 1438, in _collect_upgrade_revisions
    for rev in self._parse_upgrade_target(
               ^^^^^^^^^^^^^^^^^^^^^^^^^^^
  File "/usr/local/lib/python3.11/site-packages/alembic/script/revision.py", line 1229, in _parse_upgrade_target
    return self.get_revisions(target)
           ^^^^^^^^^^^^^^^^^^^^^^^^^^
  File "/usr/local/lib/python3.11/site-packages/alembic/script/revision.py", line 545, in get_revisions
    resolved_id, branch_label = self._resolve_revision_number(id_)
                                ^^^^^^^^^^^^^^^^^^^^^^^^^^^^^^^^^^
  File "/usr/local/lib/python3.11/site-packages/alembic/script/revision.py", line 777, in _resolve_revision_number
    current_head = self.get_current_head(branch_label)
                   ^^^^^^^^^^^^^^^^^^^^^^^^^^^^^^^^^^^
  File "/usr/local/lib/python3.11/site-packages/alembic/script/revision.py", line 509, in get_current_head
    raise MultipleHeads(
alembic.script.revision.MultipleHeads: Multiple heads are present for given argument 'head'; add_is_hidden_to_locations, a1b2c3d4e5f6

The above exception was the direct cause of the following exception:

Traceback (most recent call last):
  File "/app/scripts/migrate.py", line 56, in <module>
    main()
  File "/app/scripts/migrate.py", line 37, in main
    command.upgrade(alembic_cfg, revision)
  File "/usr/local/lib/python3.11/site-packages/alembic/command.py", line 403, in upgrade
    script.run_env()
  File "/usr/local/lib/python3.11/site-packages/alembic/script/base.py", line 583, in run_env
    util.load_python_file(self.dir, "env.py")
  File "/usr/local/lib/python3.11/site-packages/alembic/util/pyfiles.py", line 95, in load_python_file
    module = load_module_py(module_id, path)
             ^^^^^^^^^^^^^^^^^^^^^^^^^^^^^^^
  File "/usr/local/lib/python3.11/site-packages/alembic/util/pyfiles.py", line 113, in load_module_py
    spec.loader.exec_module(module)  # type: ignore
    ^^^^^^^^^^^^^^^^^^^^^^^^^^^^^^^
  File "<frozen importlib._bootstrap_external>", line 940, in exec_module
  File "<frozen importlib._bootstrap>", line 241, in _call_with_frames_removed
  File "/app/database/migrations/env.py", line 94, in <module>
    asyncio.run(run_migrations_online())
  File "/usr/local/lib/python3.11/asyncio/runners.py", line 190, in run
    return runner.run(main)
           ^^^^^^^^^^^^^^^^
  File "/usr/local/lib/python3.11/asyncio/runners.py", line 118, in run
    return self._loop.run_until_complete(task)
           ^^^^^^^^^^^^^^^^^^^^^^^^^^^^^^^^^^^
  File "/usr/local/lib/python3.11/asyncio/base_events.py", line 654, in run_until_complete
    return future.result()
           ^^^^^^^^^^^^^^^
  File "/app/database/migrations/env.py", line 85, in run_migrations_online
    await connection.run_sync(do_run_migrations)
  File "/usr/local/lib/python3.11/site-packages/sqlalchemy/ext/asyncio/engine.py", line 884, in run_sync
    return await greenlet_spawn(fn, self._proxied, *arg, **kw)
           ^^^^^^^^^^^^^^^^^^^^^^^^^^^^^^^^^^^^^^^^^^^^^^^^^^^
  File "/usr/local/lib/python3.11/site-packages/sqlalchemy/util/_concurrency_py3k.py", line 192, in greenlet_spawn
    result = context.switch(value)
             ^^^^^^^^^^^^^^^^^^^^^
  File "/app/database/migrations/env.py", line 69, in do_run_migrations
    context.run_migrations()
  File "<string>", line 8, in run_migrations
  File "/usr/local/lib/python3.11/site-packages/alembic/runtime/environment.py", line 948, in run_migrations
    self.get_context().run_migrations(**kw)
  File "/usr/local/lib/python3.11/site-packages/alembic/runtime/migration.py", line 615, in run_migrations
    for step in self._migrations_fn(heads, self):
                ^^^^^^^^^^^^^^^^^^^^^^^^^^^^^^^^
  File "/usr/local/lib/python3.11/site-packages/alembic/command.py", line 392, in upgrade
    return script._upgrade_revs(revision, rev)
           ^^^^^^^^^^^^^^^^^^^^^^^^^^^^^^^^^^^
  File "/usr/local/lib/python3.11/site-packages/alembic/script/base.py", line 447, in _upgrade_revs
    with self._catch_revision_errors(
  File "/usr/local/lib/python3.11/contextlib.py", line 158, in __exit__
    self.gen.throw(typ, value, traceback)
  File "/usr/local/lib/python3.11/site-packages/alembic/script/base.py", line 277, in _catch_revision_errors
    raise util.CommandError(multiple_heads) from mh
alembic.util.exc.CommandError: Multiple head revisions are present for given argument 'head'; please specify a specific target revision, '<branchname>@head' to narrow to a specific head, or 'heads' for all heads

2025-12-05 16:41:57 | ERROR    | Ошибка при применении миграций: Миграции не применены: INFO  [alembic.runtime.migration] Context impl PostgresqlImpl.
INFO  [alembic.runtime.migration] Will assume transactional DDL.
/usr/local/lib/python3.11/site-packages/alembic/script/revision.py:214: UserWarning: Revision a1b2c3d4e5f6 is present more than once
  util.warn(
Traceback (most recent call last):
  File "/usr/local/lib/python3.11/site-packages/alembic/script/base.py", line 251, in _catch_revision_errors
    yield
  File "/usr/local/lib/python3.11/site-packages/alembic/script/base.py", line 459, in _upgrade_revs
    for script in reversed(list(revs))
                           ^^^^^^^^^^
  File "/usr/local/lib/python3.11/site-packages/alembic/script/revision.py", line 813, in iterate_revisions
    revisions, heads = fn(
                       ^^^
  File "/usr/local/lib/python3.11/site-packages/alembic/script/revision.py", line 1438, in _collect_upgrade_revisions
    for rev in self._parse_upgrade_target(
               ^^^^^^^^^^^^^^^^^^^^^^^^^^^
  File "/usr/local/lib/python3.11/site-packages/alembic/script/revision.py", line 1229, in _parse_upgrade_target
    return self.get_revisions(target)
           ^^^^^^^^^^^^^^^^^^^^^^^^^^
  File "/usr/local/lib/python3.11/site-packages/alembic/script/revision.py", line 545, in get_revisions
    resolved_id, branch_label = self._resolve_revision_number(id_)
                                ^^^^^^^^^^^^^^^^^^^^^^^^^^^^^^^^^^
  File "/usr/local/lib/python3.11/site-packages/alembic/script/revision.py", line 777, in _resolve_revision_number
    current_head = self.get_current_head(branch_label)
                   ^^^^^^^^^^^^^^^^^^^^^^^^^^^^^^^^^^^
  File "/usr/local/lib/python3.11/site-packages/alembic/script/revision.py", line 509, in get_current_head
    raise MultipleHeads(
alembic.script.revision.MultipleHeads: Multiple heads are present for given argument 'head'; add_is_hidden_to_locations, a1b2c3d4e5f6

The above exception was the direct cause of the following exception:

Traceback (most recent call last):
  File "/app/scripts/migrate.py", line 56, in <module>
    main()
  File "/app/scripts/migrate.py", line 37, in main
    command.upgrade(alembic_cfg, revision)
  File "/usr/local/lib/python3.11/site-packages/alembic/command.py", line 403, in upgrade
    script.run_env()
  File "/usr/local/lib/python3.11/site-packages/alembic/script/base.py", line 583, in run_env
    util.load_python_file(self.dir, "env.py")
  File "/usr/local/lib/python3.11/site-packages/alembic/util/pyfiles.py", line 95, in load_python_file
    module = load_module_py(module_id, path)
             ^^^^^^^^^^^^^^^^^^^^^^^^^^^^^^^
  File "/usr/local/lib/python3.11/site-packages/alembic/util/pyfiles.py", line 113, in load_module_py
    spec.loader.exec_module(module)  # type: ignore
    ^^^^^^^^^^^^^^^^^^^^^^^^^^^^^^^
  File "<frozen importlib._bootstrap_external>", line 940, in exec_module
  File "<frozen importlib._bootstrap>", line 241, in _call_with_frames_removed
  File "/app/database/migrations/env.py", line 94, in <module>
    asyncio.run(run_migrations_online())
  File "/usr/local/lib/python3.11/asyncio/runners.py", line 190, in run
    return runner.run(main)
           ^^^^^^^^^^^^^^^^
  File "/usr/local/lib/python3.11/asyncio/runners.py", line 118, in run
    return self._loop.run_until_complete(task)
           ^^^^^^^^^^^^^^^^^^^^^^^^^^^^^^^^^^^
  File "/usr/local/lib/python3.11/asyncio/base_events.py", line 654, in run_until_complete
    return future.result()
           ^^^^^^^^^^^^^^^
  File "/app/database/migrations/env.py", line 85, in run_migrations_online
    await connection.run_sync(do_run_migrations)
  File "/usr/local/lib/python3.11/site-packages/sqlalchemy/ext/asyncio/engine.py", line 884, in run_sync
    return await greenlet_spawn(fn, self._proxied, *arg, **kw)
           ^^^^^^^^^^^^^^^^^^^^^^^^^^^^^^^^^^^^^^^^^^^^^^^^^^^
  File "/usr/local/lib/python3.11/site-packages/sqlalchemy/util/_concurrency_py3k.py", line 192, in greenlet_spawn
    result = context.switch(value)
             ^^^^^^^^^^^^^^^^^^^^^
  File "/app/database/migrations/env.py", line 69, in do_run_migrations
    context.run_migrations()
  File "<string>", line 8, in run_migrations
  File "/usr/local/lib/python3.11/site-packages/alembic/runtime/environment.py", line 948, in run_migrations
    self.get_context().run_migrations(**kw)
  File "/usr/local/lib/python3.11/site-packages/alembic/runtime/migration.py", line 615, in run_migrations
    for step in self._migrations_fn(heads, self):
                ^^^^^^^^^^^^^^^^^^^^^^^^^^^^^^^^
  File "/usr/local/lib/python3.11/site-packages/alembic/command.py", line 392, in upgrade
    return script._upgrade_revs(revision, rev)
           ^^^^^^^^^^^^^^^^^^^^^^^^^^^^^^^^^^^
  File "/usr/local/lib/python3.11/site-packages/alembic/script/base.py", line 447, in _upgrade_revs
    with self._catch_revision_errors(
  File "/usr/local/lib/python3.11/contextlib.py", line 158, in __exit__
    self.gen.throw(typ, value, traceback)
  File "/usr/local/lib/python3.11/site-packages/alembic/script/base.py", line 277, in _catch_revision_errors
    raise util.CommandError(multiple_heads) from mh
alembic.util.exc.CommandError: Multiple head revisions are present for given argument 'head'; please specify a specific target revision, '<branchname>@head' to narrow to a specific head, or 'heads' for all heads

2025-12-05 16:41:57 | INFO     | 📄 Найдено в .env файле: TEST_MODE=false
2025-12-05 16:41:57 | INFO     | ✅ Перезагружен .env файл: /app/.env
2025-12-05 16:41:57 | INFO     | 🔍 TEST_MODE = False (тип: bool)
2025-12-05 16:41:57 | INFO     | 🔍 TEST_MODE из env: 'false' (тип: str)
2025-12-05 16:41:57 | INFO     | Bot started
2025-12-05 16:42:08 | INFO     | Database engine initialized successfully
2025-12-05 16:42:49 | INFO     | Database engine initialized successfully
2025-12-05 16:43:10 | INFO     | Database engine initialized successfully
2025-12-05 16:43:25 | INFO     | Database engine initialized successfully
2025-12-05 16:43:46 | INFO     | Database engine initialized successfully
2025-12-05 16:43:51 | INFO     | Database engine initialized successfully
2025-12-05 16:43:51 | INFO     | Проверка и применение миграций базы данных...
2025-12-05 16:43:52 | INFO     | Подключение к базе данных установлено
2025-12-05 16:43:52 | INFO     | Database engine initialized successfully
2025-12-05 16:43:52 | INFO     | Миграции применены успешно. Найдено таблиц: 13
2025-12-05 16:43:53 | INFO     | 📄 Найдено в .env файле: TEST_MODE=false
2025-12-05 16:43:53 | INFO     | ✅ Перезагружен .env файл: /app/.env
2025-12-05 16:43:53 | INFO     | 🔍 TEST_MODE = False (тип: bool)
2025-12-05 16:43:53 | INFO     | 🔍 TEST_MODE из env: 'false' (тип: str)
2025-12-05 16:43:53 | INFO     | Bot started
2025-12-07 09:00:06 | INFO     | Database engine initialized successfully
2025-12-07 09:00:07 | INFO     | Проверка и применение миграций базы данных...
2025-12-07 09:00:07 | INFO     | Подключение к базе данных установлено
2025-12-07 09:00:08 | INFO     | Database engine initialized successfully
2025-12-07 09:00:08 | INFO     | Миграции применены успешно. Найдено таблиц: 13
2025-12-07 09:00:08 | INFO     | 📄 Найдено в .env файле: TEST_MODE=false
2025-12-07 09:00:08 | INFO     | ✅ Перезагружен .env файл: /app/.env
2025-12-07 09:00:08 | INFO     | 🔍 TEST_MODE = False (тип: bool)
2025-12-07 09:00:08 | INFO     | 🔍 TEST_MODE из env: 'false' (тип: str)
2025-12-07 09:00:08 | INFO     | Bot started
2025-12-07 09:05:58 | INFO     | Database engine initialized successfully
2025-12-07 09:06:04 | INFO     | Database engine initialized successfully
2025-12-07 09:06:04 | INFO     | Проверка и применение миграций базы данных...
2025-12-07 09:06:04 | INFO     | Подключение к базе данных установлено
2025-12-07 09:06:05 | INFO     | Database engine initialized successfully
2025-12-07 09:06:06 | INFO     | Миграции применены успешно. Найдено таблиц: 13
2025-12-07 09:06:06 | INFO     | 📄 Найдено в .env файле: TEST_MODE=false
2025-12-07 09:06:06 | INFO     | ✅ Перезагружен .env файл: /app/.env
2025-12-07 09:06:06 | INFO     | 🔍 TEST_MODE = False (тип: bool)
2025-12-07 09:06:06 | INFO     | 🔍 TEST_MODE из env: 'false' (тип: str)
2025-12-07 09:06:06 | INFO     | Bot started
2025-12-07 17:38:43 | INFO     | Database engine initialized successfully
2025-12-07 17:38:44 | INFO     | Проверка и применение миграций базы данных...
2025-12-07 17:38:44 | INFO     | Подключение к базе данных установлено
2025-12-07 17:38:44 | INFO     | Database engine initialized successfully
2025-12-07 17:38:45 | INFO     | Миграции применены успешно. Найдено таблиц: 13
2025-12-07 17:38:45 | INFO     | 📄 Найдено в .env файле: TEST_MODE=false
2025-12-07 17:38:45 | INFO     | ✅ Перезагружен .env файл: /app/.env
2025-12-07 17:38:45 | INFO     | 🔍 TEST_MODE = False (тип: bool)
2025-12-07 17:38:45 | INFO     | 🔍 TEST_MODE из env: 'false' (тип: str)
2025-12-07 17:38:45 | INFO     | Bot started
2025-12-08 14:39:16 | INFO     | Database engine initialized successfully
2025-12-08 14:39:16 | INFO     | Проверка и применение миграций базы данных...
2025-12-08 14:39:16 | INFO     | Подключение к базе данных установлено
2025-12-08 14:39:17 | INFO     | Database engine initialized successfully
2025-12-08 14:39:17 | INFO     | Миграции применены успешно. Найдено таблиц: 13
2025-12-08 14:39:18 | INFO     | 📄 Найдено в .env файле: TEST_MODE=false
2025-12-08 14:39:18 | INFO     | ✅ Перезагружен .env файл: /app/.env
2025-12-08 14:39:18 | INFO     | 🔍 TEST_MODE = False (тип: bool)
2025-12-08 14:39:18 | INFO     | 🔍 TEST_MODE из env: 'false' (тип: str)
2025-12-08 14:39:18 | INFO     | Bot started
2025-12-08 14:46:51 | INFO     | Database engine initialized successfully
2025-12-08 14:46:51 | INFO     | Проверка и применение миграций базы данных...
2025-12-08 14:46:51 | INFO     | Подключение к базе данных установлено
2025-12-08 14:46:51 | INFO     | Database engine initialized successfully
2025-12-08 14:46:52 | INFO     | Миграции применены успешно. Найдено таблиц: 13
2025-12-08 14:46:52 | INFO     | 📄 Найдено в .env файле: TEST_MODE=false
2025-12-08 14:46:52 | INFO     | ✅ Перезагружен .env файл: /app/.env
2025-12-08 14:46:52 | INFO     | 🔍 TEST_MODE = False (тип: bool)
2025-12-08 14:46:52 | INFO     | 🔍 TEST_MODE из env: 'false' (тип: str)
2025-12-08 14:46:52 | INFO     | Bot started
2025-12-09 10:23:01 | INFO     | Database engine initialized successfully
2025-12-09 10:23:02 | INFO     | Проверка и применение миграций базы данных...
2025-12-09 10:23:02 | INFO     | Подключение к базе данных установлено
2025-12-09 10:23:02 | INFO     | Database engine initialized successfully
2025-12-09 10:23:03 | INFO     | Миграции применены успешно. Найдено таблиц: 13
2025-12-09 10:23:03 | INFO     | 📄 Найдено в .env файле: TEST_MODE=false
2025-12-09 10:23:03 | INFO     | ✅ Перезагружен .env файл: /app/.env
2025-12-09 10:23:03 | INFO     | 🔍 TEST_MODE = False (тип: bool)
2025-12-09 10:23:03 | INFO     | 🔍 TEST_MODE из env: 'false' (тип: str)
2025-12-09 10:23:03 | INFO     | Bot started
2025-12-09 20:27:40 | INFO     | Database engine initialized successfully
2025-12-09 20:27:41 | INFO     | Проверка и применение миграций базы данных...
2025-12-09 20:27:41 | INFO     | Подключение к базе данных установлено
2025-12-09 20:27:42 | INFO     | Database engine initialized successfully
2025-12-09 20:27:43 | INFO     | Миграции применены успешно. Найдено таблиц: 13
2025-12-09 20:27:44 | INFO     | 📄 Найдено в .env файле: TEST_MODE=false
2025-12-09 20:27:44 | INFO     | ✅ Перезагружен .env файл: /app/.env
2025-12-09 20:27:44 | INFO     | 🔍 TEST_MODE = False (тип: bool)
2025-12-09 20:27:44 | INFO     | 🔍 TEST_MODE из env: 'false' (тип: str)
2025-12-09 20:27:44 | INFO     | Bot started
2025-12-10 08:48:57 | INFO     | Database engine initialized successfully
2025-12-10 08:48:58 | INFO     | Проверка и применение миграций базы данных...
2025-12-10 08:48:58 | INFO     | Подключение к базе данных установлено
2025-12-10 08:48:58 | INFO     | Database engine initialized successfully
2025-12-10 08:48:59 | INFO     | Миграции применены успешно. Найдено таблиц: 13
2025-12-10 08:48:59 | INFO     | 📄 Найдено в .env файле: TEST_MODE=false
2025-12-10 08:48:59 | INFO     | ✅ Перезагружен .env файл: /app/.env
2025-12-10 08:48:59 | INFO     | 🔍 TEST_MODE = False (тип: bool)
2025-12-10 08:48:59 | INFO     | 🔍 TEST_MODE из env: 'false' (тип: str)
2025-12-10 08:48:59 | INFO     | Bot started
2025-12-10 11:58:17 | INFO     | Database engine initialized successfully
2025-12-10 11:58:18 | INFO     | Проверка и применение миграций базы данных...
2025-12-10 11:58:18 | INFO     | Подключение к базе данных установлено
2025-12-10 11:58:19 | INFO     | Database engine initialized successfully
2025-12-10 11:58:19 | INFO     | Миграции применены успешно. Найдено таблиц: 13
2025-12-10 11:58:20 | INFO     | 📄 Найдено в .env файле: TEST_MODE=false
2025-12-10 11:58:20 | INFO     | ✅ Перезагружен .env файл: /app/.env
2025-12-10 11:58:20 | INFO     | 🔍 TEST_MODE = False (тип: bool)
2025-12-10 11:58:20 | INFO     | 🔍 TEST_MODE из env: 'false' (тип: str)
2025-12-10 11:58:20 | INFO     | Bot started
2025-12-10 12:06:23 | INFO     | Database engine initialized successfully
2025-12-10 12:06:23 | INFO     | Проверка и применение миграций базы данных...
2025-12-10 12:06:23 | INFO     | Подключение к базе данных установлено
2025-12-10 12:06:24 | INFO     | Database engine initialized successfully
2025-12-10 12:06:24 | INFO     | Миграции применены успешно. Найдено таблиц: 13
2025-12-10 12:06:25 | INFO     | 📄 Найдено в .env файле: TEST_MODE=false
2025-12-10 12:06:25 | INFO     | ✅ Перезагружен .env файл: /app/.env
2025-12-10 12:06:25 | INFO     | 🔍 TEST_MODE = False (тип: bool)
2025-12-10 12:06:25 | INFO     | 🔍 TEST_MODE из env: 'false' (тип: str)
2025-12-10 12:06:25 | INFO     | Bot started
2025-12-11 12:37:58 | INFO     | Database engine initialized successfully
2025-12-11 12:37:59 | INFO     | Проверка и применение миграций базы данных...
2025-12-11 12:37:59 | INFO     | Подключение к базе данных установлено
2025-12-11 12:37:59 | INFO     | Database engine initialized successfully
2025-12-11 12:38:00 | INFO     | Миграции применены успешно. Найдено таблиц: 13
2025-12-11 12:38:00 | INFO     | 📄 Найдено в .env файле: TEST_MODE=false
2025-12-11 12:38:00 | INFO     | ✅ Перезагружен .env файл: /app/.env
2025-12-11 12:38:00 | INFO     | 🔍 TEST_MODE = False (тип: bool)
2025-12-11 12:38:00 | INFO     | 🔍 TEST_MODE из env: 'false' (тип: str)
2025-12-11 12:38:00 | INFO     | Bot started
2025-12-12 09:25:06 | INFO     | Database engine initialized successfully
2025-12-12 09:25:07 | INFO     | Проверка и применение миграций базы данных...
2025-12-12 09:25:07 | INFO     | Подключение к базе данных установлено
2025-12-12 09:25:07 | INFO     | Database engine initialized successfully
2025-12-12 09:25:08 | INFO     | Миграции применены успешно. Найдено таблиц: 13
2025-12-12 09:25:08 | INFO     | 📄 Найдено в .env файле: TEST_MODE=false
2025-12-12 09:25:08 | INFO     | ✅ Перезагружен .env файл: /app/.env
2025-12-12 09:25:08 | INFO     | 🔍 TEST_MODE = False (тип: bool)
2025-12-12 09:25:08 | INFO     | 🔍 TEST_MODE из env: 'false' (тип: str)
2025-12-12 09:25:08 | INFO     | Bot started
2025-12-12 10:14:26 | INFO     | Database engine initialized successfully
2025-12-12 10:14:26 | INFO     | Проверка и применение миграций базы данных...
2025-12-12 10:14:26 | INFO     | Подключение к базе данных установлено
2025-12-12 10:14:27 | INFO     | Database engine initialized successfully
2025-12-12 10:14:27 | INFO     | Миграции применены успешно. Найдено таблиц: 13
2025-12-12 10:14:28 | INFO     | 📄 Найдено в .env файле: TEST_MODE=false
2025-12-12 10:14:28 | INFO     | ✅ Перезагружен .env файл: /app/.env
2025-12-12 10:14:28 | INFO     | 🔍 TEST_MODE = False (тип: bool)
2025-12-12 10:14:28 | INFO     | 🔍 TEST_MODE из env: 'false' (тип: str)
2025-12-12 10:14:28 | INFO     | Bot started
2025-12-12 10:17:28 | INFO     | Database engine initialized successfully
2025-12-12 10:17:29 | INFO     | Проверка и применение миграций базы данных...
2025-12-12 10:17:29 | INFO     | Подключение к базе данных установлено
2025-12-12 10:17:29 | INFO     | Database engine initialized successfully
2025-12-12 10:17:30 | INFO     | Миграции применены успешно. Найдено таблиц: 13
2025-12-12 10:17:30 | INFO     | 📄 Найдено в .env файле: TEST_MODE=false
2025-12-12 10:17:30 | INFO     | ✅ Перезагружен .env файл: /app/.env
2025-12-12 10:17:30 | INFO     | 🔍 TEST_MODE = False (тип: bool)
2025-12-12 10:17:30 | INFO     | 🔍 TEST_MODE из env: 'false' (тип: str)
2025-12-12 10:17:30 | INFO     | Bot started
2025-12-12 10:17:41 | INFO     | Database engine initialized successfully
2025-12-12 10:17:41 | INFO     | Проверка и применение миграций базы данных...
2025-12-12 10:17:41 | INFO     | Подключение к базе данных установлено
2025-12-12 10:17:42 | INFO     | Database engine initialized successfully
2025-12-12 10:17:42 | INFO     | Миграции применены успешно. Найдено таблиц: 13
2025-12-12 10:17:42 | INFO     | 📄 Найдено в .env файле: TEST_MODE=false
2025-12-12 10:17:42 | INFO     | ✅ Перезагружен .env файл: /app/.env
2025-12-12 10:17:42 | INFO     | 🔍 TEST_MODE = False (тип: bool)
2025-12-12 10:17:42 | INFO     | 🔍 TEST_MODE из env: 'false' (тип: str)
2025-12-12 10:17:42 | INFO     | Bot started
2025-12-12 10:19:47 | INFO     | Database engine initialized successfully
2025-12-12 10:19:47 | INFO     | Проверка и применение миграций базы данных...
2025-12-12 10:19:47 | INFO     | Подключение к базе данных установлено
2025-12-12 10:19:48 | INFO     | Database engine initialized successfully
2025-12-12 10:19:49 | INFO     | Миграции применены успешно. Найдено таблиц: 13
2025-12-12 10:19:49 | INFO     | 📄 Найдено в .env файле: TEST_MODE=false
2025-12-12 10:19:49 | INFO     | ✅ Перезагружен .env файл: /app/.env
2025-12-12 10:19:49 | INFO     | 🔍 TEST_MODE = False (тип: bool)
2025-12-12 10:19:49 | INFO     | 🔍 TEST_MODE из env: 'false' (тип: str)
2025-12-12 10:19:49 | INFO     | Bot started
2025-12-12 11:38:36 | INFO     | Database engine initialized successfully
2025-12-12 11:39:30 | INFO     | Database engine initialized successfully
2025-12-12 11:39:47 | INFO     | Database engine initialized successfully
2025-12-12 11:39:55 | INFO     | Database engine initialized successfully
2025-12-12 11:39:55 | INFO     | Проверка и применение миграций базы данных...
2025-12-12 11:39:55 | INFO     | Подключение к базе данных установлено
2025-12-12 11:39:56 | INFO     | Database engine initialized successfully
2025-12-12 11:39:56 | INFO     | Миграции применены успешно. Найдено таблиц: 15
2025-12-12 11:39:57 | INFO     | 📄 Найдено в .env файле: TEST_MODE=false
2025-12-12 11:39:57 | INFO     | ✅ Перезагружен .env файл: /app/.env
2025-12-12 11:39:57 | INFO     | 🔍 TEST_MODE = False (тип: bool)
2025-12-12 11:39:57 | INFO     | 🔍 TEST_MODE из env: 'false' (тип: str)
2025-12-12 11:39:57 | INFO     | Bot started
2025-12-12 11:45:22 | INFO     | Database engine initialized successfully
2025-12-12 11:45:23 | INFO     | Проверка и применение миграций базы данных...
2025-12-12 11:45:23 | INFO     | Подключение к базе данных установлено
2025-12-12 11:45:23 | INFO     | Database engine initialized successfully
2025-12-12 11:45:24 | INFO     | Миграции применены успешно. Найдено таблиц: 15
2025-12-12 11:45:24 | INFO     | 📄 Найдено в .env файле: TEST_MODE=false
2025-12-12 11:45:24 | INFO     | ✅ Перезагружен .env файл: /app/.env
2025-12-12 11:45:24 | INFO     | 🔍 TEST_MODE = False (тип: bool)
2025-12-12 11:45:24 | INFO     | 🔍 TEST_MODE из env: 'false' (тип: str)
2025-12-12 11:45:24 | INFO     | Bot started
2025-12-12 11:47:20 | INFO     | Database engine initialized successfully
2025-12-12 11:47:21 | INFO     | Проверка и применение миграций базы данных...
2025-12-12 11:47:21 | INFO     | Подключение к базе данных установлено
2025-12-12 11:47:21 | INFO     | Database engine initialized successfully
2025-12-12 11:47:22 | INFO     | Миграции применены успешно. Найдено таблиц: 15
2025-12-12 11:47:22 | INFO     | 📄 Найдено в .env файле: TEST_MODE=false
2025-12-12 11:47:22 | INFO     | ✅ Перезагружен .env файл: /app/.env
2025-12-12 11:47:22 | INFO     | 🔍 TEST_MODE = False (тип: bool)
2025-12-12 11:47:22 | INFO     | 🔍 TEST_MODE из env: 'false' (тип: str)
2025-12-12 11:47:22 | INFO     | Bot started
2025-12-12 11:49:15 | INFO     | Database engine initialized successfully
2025-12-12 11:49:16 | INFO     | Проверка и применение миграций базы данных...
2025-12-12 11:49:16 | INFO     | Подключение к базе данных установлено
2025-12-12 11:49:16 | INFO     | Database engine initialized successfully
2025-12-12 11:49:17 | INFO     | Миграции применены успешно. Найдено таблиц: 15
2025-12-12 11:49:17 | INFO     | 📄 Найдено в .env файле: TEST_MODE=false
2025-12-12 11:49:17 | INFO     | ✅ Перезагружен .env файл: /app/.env
2025-12-12 11:49:17 | INFO     | 🔍 TEST_MODE = False (тип: bool)
2025-12-12 11:49:17 | INFO     | 🔍 TEST_MODE из env: 'false' (тип: str)
2025-12-12 11:49:17 | INFO     | Bot started
2025-12-12 11:52:24 | INFO     | Database engine initialized successfully
2025-12-12 11:52:24 | INFO     | Проверка и применение миграций базы данных...
2025-12-12 11:52:24 | INFO     | Подключение к базе данных установлено
2025-12-12 11:52:25 | INFO     | Database engine initialized successfully
2025-12-12 11:52:25 | INFO     | Миграции применены успешно. Найдено таблиц: 15
2025-12-12 11:52:25 | INFO     | 📄 Найдено в .env файле: TEST_MODE=false
2025-12-12 11:52:25 | INFO     | ✅ Перезагружен .env файл: /app/.env
2025-12-12 11:52:25 | INFO     | 🔍 TEST_MODE = False (тип: bool)
2025-12-12 11:52:25 | INFO     | 🔍 TEST_MODE из env: 'false' (тип: str)
2025-12-12 11:52:25 | INFO     | Bot started
2025-12-12 13:25:06 | INFO     | Database engine initialized successfully
2025-12-12 13:25:11 | INFO     | Database engine initialized successfully
2025-12-12 13:25:12 | INFO     | Проверка и применение миграций базы данных...
2025-12-12 13:25:12 | INFO     | Подключение к базе данных установлено
2025-12-12 13:25:12 | INFO     | Database engine initialized successfully
2025-12-12 13:25:13 | INFO     | Миграции применены успешно. Найдено таблиц: 15
2025-12-12 13:25:13 | INFO     | 📄 Найдено в .env файле: TEST_MODE=false
2025-12-12 13:25:13 | INFO     | ✅ Перезагружен .env файл: /app/.env
2025-12-12 13:25:13 | INFO     | 🔍 TEST_MODE = False (тип: bool)
2025-12-12 13:25:13 | INFO     | 🔍 TEST_MODE из env: 'false' (тип: str)
2025-12-12 13:25:13 | INFO     | Bot started
2025-12-12 13:25:23 | INFO     | Создание бэкапа базы данных: backup_20251212_132523
2025-12-12 13:25:23 | INFO     | Выполнение pg_dump для базы данных gigabridge_db...
2025-12-12 13:25:23 | ERROR    | pg_dump не найден. Убедитесь, что PostgreSQL клиент установлен.
2025-12-12 13:25:23 | ERROR    | Ошибка при создании бэкапа: Telegram server says - Bad Request: message can't be edited
2025-12-12 13:25:48 | INFO     | Database engine initialized successfully
2025-12-12 13:25:48 | INFO     | Проверка и применение миграций базы данных...
2025-12-12 13:25:48 | INFO     | Подключение к базе данных установлено
2025-12-12 13:25:49 | INFO     | Database engine initialized successfully
2025-12-12 13:25:49 | INFO     | Миграции применены успешно. Найдено таблиц: 15
2025-12-12 13:25:49 | INFO     | 📄 Найдено в .env файле: TEST_MODE=false
2025-12-12 13:25:49 | INFO     | ✅ Перезагружен .env файл: /app/.env
2025-12-12 13:25:49 | INFO     | 🔍 TEST_MODE = False (тип: bool)
2025-12-12 13:25:49 | INFO     | 🔍 TEST_MODE из env: 'false' (тип: str)
2025-12-12 13:25:49 | INFO     | Bot started
2025-12-12 13:39:41 | INFO     | Database engine initialized successfully
2025-12-12 13:39:42 | INFO     | Проверка и применение миграций базы данных...
2025-12-12 13:39:42 | INFO     | Подключение к базе данных установлено
2025-12-12 13:39:42 | INFO     | Database engine initialized successfully
2025-12-12 13:39:43 | INFO     | Миграции применены успешно. Найдено таблиц: 15
2025-12-12 13:39:43 | INFO     | 📄 Найдено в .env файле: TEST_MODE=false
2025-12-12 13:39:43 | INFO     | ✅ Перезагружен .env файл: /app/.env
2025-12-12 13:39:43 | INFO     | 🔍 TEST_MODE = False (тип: bool)
2025-12-12 13:39:43 | INFO     | 🔍 TEST_MODE из env: 'false' (тип: str)
2025-12-12 13:39:43 | INFO     | Bot started
2025-12-12 13:39:53 | INFO     | Создание бэкапа базы данных: backup_20251212_133953
2025-12-12 13:39:53 | INFO     | Выполнение pg_dump для базы данных gigabridge_db...
2025-12-12 13:39:53 | ERROR    | pg_dump не найден. Убедитесь, что PostgreSQL клиент установлен.
2025-12-12 13:41:59 | INFO     | Database engine initialized successfully
2025-12-12 13:42:00 | INFO     | Проверка и применение миграций базы данных...
2025-12-12 13:42:00 | INFO     | Подключение к базе данных установлено
2025-12-12 13:42:00 | INFO     | Database engine initialized successfully
2025-12-12 13:42:01 | INFO     | Миграции применены успешно. Найдено таблиц: 15
2025-12-12 13:42:01 | INFO     | 📄 Найдено в .env файле: TEST_MODE=false
2025-12-12 13:42:01 | INFO     | ✅ Перезагружен .env файл: /app/.env
2025-12-12 13:42:01 | INFO     | 🔍 TEST_MODE = False (тип: bool)
2025-12-12 13:42:01 | INFO     | 🔍 TEST_MODE из env: 'false' (тип: str)
2025-12-12 13:42:01 | INFO     | Bot started
2025-12-12 13:44:02 | INFO     | Database engine initialized successfully
2025-12-12 13:44:02 | INFO     | Проверка и применение миграций базы данных...
2025-12-12 13:44:02 | INFO     | Подключение к базе данных установлено
2025-12-12 13:44:03 | INFO     | Database engine initialized successfully
2025-12-12 13:44:03 | INFO     | Миграции применены успешно. Найдено таблиц: 15
2025-12-12 13:44:03 | INFO     | 📄 Найдено в .env файле: TEST_MODE=false
2025-12-12 13:44:03 | INFO     | ✅ Перезагружен .env файл: /app/.env
2025-12-12 13:44:03 | INFO     | 🔍 TEST_MODE = False (тип: bool)
2025-12-12 13:44:03 | INFO     | 🔍 TEST_MODE из env: 'false' (тип: str)
2025-12-12 13:44:03 | INFO     | Bot started
2025-12-12 13:44:44 | INFO     | Database engine initialized successfully
2025-12-12 13:44:45 | INFO     | Проверка и применение миграций базы данных...
2025-12-12 13:44:45 | INFO     | Подключение к базе данных установлено
2025-12-12 13:44:45 | INFO     | Database engine initialized successfully
2025-12-12 13:44:46 | INFO     | Миграции применены успешно. Найдено таблиц: 15
2025-12-12 13:44:46 | INFO     | 📄 Найдено в .env файле: TEST_MODE=false
2025-12-12 13:44:46 | INFO     | ✅ Перезагружен .env файл: /app/.env
2025-12-12 13:44:46 | INFO     | 🔍 TEST_MODE = False (тип: bool)
2025-12-12 13:44:46 | INFO     | 🔍 TEST_MODE из env: 'false' (тип: str)
2025-12-12 13:44:46 | INFO     | Bot started
2025-12-12 13:44:56 | INFO     | Создание бэкапа базы данных: backup_20251212_134456
2025-12-12 13:44:56 | INFO     | Выполнение pg_dump для базы данных gigabridge_db...
2025-12-12 13:44:56 | INFO     | SQL дамп создан: 0.08 MB
2025-12-12 13:44:56 | INFO     | Создание архива...
2025-12-12 13:44:56 | INFO     | Бэкап успешно создан: backup_20251212_134456.tar.gz (0.02 MB)
2025-12-12 13:44:57 | INFO     | Временный файл бэкапа удален: backup_20251212_134456.tar.gz
2025-12-12 13:45:34 | INFO     | Распаковка архива restore_20251212_134534.tar.gz...
2025-12-12 13:45:34 | INFO     | Метаданные бэкапа: создан 2025-12-12T13:44:56.575931
2025-12-12 13:45:34 | INFO     | Восстановление базы данных gigabridge_db из бэкапа...
2025-12-12 13:45:34 | WARNING  | ⚠️ ВНИМАНИЕ: Все текущие данные будут перезаписаны!
2025-12-12 13:45:34 | INFO     | База данных успешно восстановлена из бэкапа
2025-12-12 13:45:34 | INFO     | Временные файлы удалены
2025-12-12 13:45:35 | INFO     | Временные файлы восстановления удалены
2025-12-12 13:51:14 | INFO     | Database engine initialized successfully
2025-12-12 13:51:15 | INFO     | Проверка и применение миграций базы данных...
2025-12-12 13:51:15 | INFO     | Подключение к базе данных установлено
2025-12-12 13:51:15 | INFO     | Database engine initialized successfully
2025-12-12 13:51:16 | INFO     | Миграции применены успешно. Найдено таблиц: 15
2025-12-12 13:51:16 | INFO     | ✅ Задача еженедельной отправки бэкапов админам добавлена (каждый понедельник в 3:00 UTC)
2025-12-12 13:51:16 | INFO     | 📄 Найдено в .env файле: TEST_MODE=false
2025-12-12 13:51:16 | INFO     | ✅ Перезагружен .env файл: /app/.env
2025-12-12 13:51:16 | INFO     | 🔍 TEST_MODE = False (тип: bool)
2025-12-12 13:51:16 | INFO     | 🔍 TEST_MODE из env: 'false' (тип: str)
2025-12-12 13:51:16 | INFO     | Bot started
2025-12-12 13:51:21 | INFO     | Создание бэкапа базы данных: backup_20251212_135121
2025-12-12 13:51:21 | INFO     | Выполнение pg_dump для базы данных gigabridge_db...
2025-12-12 13:51:21 | INFO     | SQL дамп создан: 0.08 MB
2025-12-12 13:51:21 | INFO     | Создание архива...
2025-12-12 13:51:21 | INFO     | Бэкап успешно создан: backup_20251212_135121.tar.gz (0.02 MB)
2025-12-12 13:51:21 | INFO     | Временный файл бэкапа удален: backup_20251212_135121.tar.gz
2025-12-12 19:38:01 | INFO     | Database engine initialized successfully
2025-12-12 19:38:01 | INFO     | Проверка и применение миграций базы данных...
2025-12-12 19:38:01 | INFO     | Подключение к базе данных установлено
2025-12-12 19:38:02 | INFO     | Database engine initialized successfully
2025-12-12 19:38:02 | INFO     | Миграции применены успешно. Найдено таблиц: 15
2025-12-12 19:38:02 | INFO     | ✅ Задача еженедельной отправки бэкапов админам добавлена (каждый понедельник в 3:00 UTC)
2025-12-12 19:38:02 | INFO     | 📄 Найдено в .env файле: TEST_MODE=false
2025-12-12 19:38:02 | INFO     | ✅ Перезагружен .env файл: /app/.env
2025-12-12 19:38:02 | INFO     | 🔍 TEST_MODE = False (тип: bool)
2025-12-12 19:38:02 | INFO     | 🔍 TEST_MODE из env: 'false' (тип: str)
2025-12-12 19:38:02 | INFO     | Bot started
2025-12-14 08:44:09 | INFO     | Database engine initialized successfully
2025-12-14 08:44:09 | INFO     | Проверка и применение миграций базы данных...
2025-12-14 08:44:09 | INFO     | Подключение к базе данных установлено
2025-12-14 08:44:10 | INFO     | Database engine initialized successfully
2025-12-14 08:44:10 | INFO     | Миграции применены успешно. Найдено таблиц: 15
2025-12-14 08:44:11 | INFO     | ✅ Задача еженедельной отправки бэкапов админам добавлена (каждый понедельник в 3:00 UTC)
2025-12-14 08:44:11 | INFO     | 📄 Найдено в .env файле: TEST_MODE=false
2025-12-14 08:44:11 | INFO     | ✅ Перезагружен .env файл: /app/.env
2025-12-14 08:44:11 | INFO     | 🔍 TEST_MODE = False (тип: bool)
2025-12-14 08:44:11 | INFO     | 🔍 TEST_MODE из env: 'false' (тип: str)
2025-12-14 08:44:11 | INFO     | Bot started
2025-12-15 19:29:45 | INFO     | Database engine initialized successfully
2025-12-15 19:29:46 | INFO     | Проверка и применение миграций базы данных...
2025-12-15 19:29:46 | INFO     | Подключение к базе данных установлено
2025-12-15 19:29:47 | INFO     | Database engine initialized successfully
2025-12-15 19:29:47 | INFO     | Миграции применены успешно. Найдено таблиц: 15
2025-12-15 19:29:48 | INFO     | ✅ Задача еженедельной отправки бэкапов админам добавлена (каждый понедельник в 3:00 UTC)
2025-12-15 19:29:48 | INFO     | 📄 Найдено в .env файле: TEST_MODE=false
2025-12-15 19:29:48 | INFO     | ✅ Перезагружен .env файл: /app/.env
2025-12-15 19:29:48 | INFO     | 🔍 TEST_MODE = False (тип: bool)
2025-12-15 19:29:48 | INFO     | 🔍 TEST_MODE из env: 'false' (тип: str)
2025-12-15 19:29:48 | INFO     | Bot started
2025-12-15 19:32:27 | INFO     | ✅ Создано клиентов во всех инбаундах: 4/4
2025-12-15 19:32:27 | INFO     |    - Inbound 2 (vless, network: xhttp): lv@xhttp&bondarenk_0666&ed4f7b&2
2025-12-15 19:32:27 | INFO     |    - Inbound 3 (shadowsocks, network: tcp): lv@tcp&bondarenk_0666&ed4f7b&3
2025-12-15 19:32:27 | INFO     |    - Inbound 5 (trojan, network: tcp): lv@tcp&bondarenk_0666&ed4f7b&5
2025-12-15 19:32:27 | INFO     |    - Inbound 7 (vless, network: tcp): lv@tcp&bondarenk_0666&ed4f7b&7
2025-12-15 19:32:27 | INFO     | Subscription keys received for 4 clients
2025-12-16 14:14:41 | INFO     | Database engine initialized successfully
2025-12-16 14:14:42 | INFO     | Проверка и применение миграций базы данных...
2025-12-16 14:14:42 | INFO     | Подключение к базе данных установлено
2025-12-16 14:14:43 | INFO     | Database engine initialized successfully
2025-12-16 14:14:43 | INFO     | Миграции применены успешно. Найдено таблиц: 15
2025-12-16 14:14:43 | INFO     | ✅ Задача еженедельной отправки бэкапов админам добавлена (каждый понедельник в 3:00 UTC)
2025-12-16 14:14:43 | INFO     | 📄 Найдено в .env файле: TEST_MODE=false
2025-12-16 14:14:44 | INFO     | ✅ Перезагружен .env файл: /app/.env
2025-12-16 14:14:44 | INFO     | 🔍 TEST_MODE = False (тип: bool)
2025-12-16 14:14:44 | INFO     | 🔍 TEST_MODE из env: 'false' (тип: str)
2025-12-16 14:14:44 | INFO     | Bot started
2025-12-17 09:40:42 | INFO     | Database engine initialized successfully
2025-12-17 09:40:42 | INFO     | Проверка и применение миграций базы данных...
2025-12-17 09:40:43 | INFO     | Подключение к базе данных установлено
2025-12-17 09:40:43 | INFO     | Database engine initialized successfully
2025-12-17 09:40:44 | INFO     | Миграции применены успешно. Найдено таблиц: 15
2025-12-17 09:40:44 | INFO     | ✅ Задача еженедельной отправки бэкапов админам добавлена (каждый понедельник в 3:00 UTC)
2025-12-17 09:40:44 | INFO     | 📄 Найдено в .env файле: TEST_MODE=false
2025-12-17 09:40:44 | INFO     | ✅ Перезагружен .env файл: /app/.env
2025-12-17 09:40:44 | INFO     | 🔍 TEST_MODE = False (тип: bool)
2025-12-17 09:40:44 | INFO     | 🔍 TEST_MODE из env: 'false' (тип: str)
2025-12-17 09:40:44 | INFO     | Bot started
2025-12-17 09:41:18 | INFO     | Создание бэкапа базы данных: backup_20251217_094118
2025-12-17 09:41:18 | INFO     | Выполнение pg_dump для базы данных gigabridge_db...
2025-12-17 09:41:18 | INFO     | SQL дамп создан: 0.08 MB
2025-12-17 09:41:18 | INFO     | Создание архива...
2025-12-17 09:41:18 | INFO     | Бэкап успешно создан: backup_20251217_094118.tar.gz (0.02 MB)
2025-12-17 09:41:18 | INFO     | Временный файл бэкапа удален: backup_20251217_094118.tar.gz
2025-12-18 08:36:01 | INFO     | Database engine initialized successfully
2025-12-18 08:36:02 | INFO     | Проверка и применение миграций базы данных...
2025-12-18 08:36:02 | INFO     | Подключение к базе данных установлено
2025-12-18 08:36:02 | INFO     | Database engine initialized successfully
2025-12-18 08:36:03 | INFO     | Миграции применены успешно. Найдено таблиц: 15
2025-12-18 08:36:03 | INFO     | ✅ Задача еженедельной отправки бэкапов админам добавлена (каждый понедельник в 3:00 UTC)
2025-12-18 08:36:03 | INFO     | 📄 Найдено в .env файле: TEST_MODE=false
2025-12-18 08:36:03 | INFO     | ✅ Перезагружен .env файл: /app/.env
2025-12-18 08:36:03 | INFO     | 🔍 TEST_MODE = False (тип: bool)
2025-12-18 08:36:03 | INFO     | 🔍 TEST_MODE из env: 'false' (тип: str)
2025-12-18 08:36:03 | INFO     | Bot started
2025-12-18 17:41:46 | INFO     | Database engine initialized successfully
2025-12-18 17:41:47 | INFO     | Проверка и применение миграций базы данных...
2025-12-18 17:41:47 | INFO     | Подключение к базе данных установлено
2025-12-18 17:41:47 | INFO     | Database engine initialized successfully
2025-12-18 17:41:48 | ERROR    | Ошибка при применении миграций: INFO  [alembic.runtime.migration] Context impl PostgresqlImpl.
INFO  [alembic.runtime.migration] Will assume transactional DDL.
Traceback (most recent call last):
  File "/usr/local/lib/python3.11/site-packages/sqlalchemy/dialects/postgresql/asyncpg.py", line 878, in commit
    self.await_(self._transaction.commit())
  File "/usr/local/lib/python3.11/site-packages/sqlalchemy/util/_concurrency_py3k.py", line 125, in await_only
    return current.driver.switch(awaitable)  # type: ignore[no-any-return]
           ^^^^^^^^^^^^^^^^^^^^^^^^^^^^^^^^
  File "/usr/local/lib/python3.11/site-packages/sqlalchemy/util/_concurrency_py3k.py", line 185, in greenlet_spawn
    value = await result
            ^^^^^^^^^^^^
  File "/usr/local/lib/python3.11/site-packages/asyncpg/transaction.py", line 219, in commit
    await self.__commit()
  File "/usr/local/lib/python3.11/site-packages/asyncpg/transaction.py", line 187, in __commit
    await self._connection.execute(query)
  File "/usr/local/lib/python3.11/site-packages/asyncpg/connection.py", line 350, in execute
    result = await self._protocol.query(query, timeout)
             ^^^^^^^^^^^^^^^^^^^^^^^^^^^^^^^^^^^^^^^^^^
  File "asyncpg/protocol/protocol.pyx", line 374, in query
asyncpg.exceptions.ConnectionDoesNotExistError: connection was closed in the middle of operation

The above exception was the direct cause of the following exception:

Traceback (most recent call last):
  File "/usr/local/lib/python3.11/site-packages/sqlalchemy/engine/base.py", line 1132, in _commit_impl
    self.engine.dialect.do_commit(self.connection)
  File "/usr/local/lib/python3.11/site-packages/sqlalchemy/engine/default.py", line 694, in do_commit
    dbapi_connection.commit()
  File "/usr/local/lib/python3.11/site-packages/sqlalchemy/dialects/postgresql/asyncpg.py", line 880, in commit
    self._handle_exception(error)
  File "/usr/local/lib/python3.11/site-packages/sqlalchemy/dialects/postgresql/asyncpg.py", line 802, in _handle_exception
    raise translated_error from error
sqlalchemy.dialects.postgresql.asyncpg.AsyncAdapt_asyncpg_dbapi.Error: <class 'asyncpg.exceptions.ConnectionDoesNotExistError'>: connection was closed in the middle of operation

The above exception was the direct cause of the following exception:

Traceback (most recent call last):
  File "/app/scripts/migrate.py", line 56, in <module>
    main()
  File "/app/scripts/migrate.py", line 37, in main
    command.upgrade(alembic_cfg, revision)
  File "/usr/local/lib/python3.11/site-packages/alembic/command.py", line 403, in upgrade
    script.run_env()
  File "/usr/local/lib/python3.11/site-packages/alembic/script/base.py", line 583, in run_env
    util.load_python_file(self.dir, "env.py")
  File "/usr/local/lib/python3.11/site-packages/alembic/util/pyfiles.py", line 95, in load_python_file
    module = load_module_py(module_id, path)
             ^^^^^^^^^^^^^^^^^^^^^^^^^^^^^^^
  File "/usr/local/lib/python3.11/site-packages/alembic/util/pyfiles.py", line 113, in load_module_py
    spec.loader.exec_module(module)  # type: ignore
    ^^^^^^^^^^^^^^^^^^^^^^^^^^^^^^^
  File "<frozen importlib._bootstrap_external>", line 940, in exec_module
  File "<frozen importlib._bootstrap>", line 241, in _call_with_frames_removed
  File "/app/database/migrations/env.py", line 94, in <module>
    asyncio.run(run_migrations_online())
  File "/usr/local/lib/python3.11/asyncio/runners.py", line 190, in run
    return runner.run(main)
           ^^^^^^^^^^^^^^^^
  File "/usr/local/lib/python3.11/asyncio/runners.py", line 118, in run
    return self._loop.run_until_complete(task)
           ^^^^^^^^^^^^^^^^^^^^^^^^^^^^^^^^^^^
  File "/usr/local/lib/python3.11/asyncio/base_events.py", line 654, in run_until_complete
    return future.result()
           ^^^^^^^^^^^^^^^
  File "/app/database/migrations/env.py", line 85, in run_migrations_online
    await connection.run_sync(do_run_migrations)
  File "/usr/local/lib/python3.11/site-packages/sqlalchemy/ext/asyncio/engine.py", line 884, in run_sync
    return await greenlet_spawn(fn, self._proxied, *arg, **kw)
           ^^^^^^^^^^^^^^^^^^^^^^^^^^^^^^^^^^^^^^^^^^^^^^^^^^^
  File "/usr/local/lib/python3.11/site-packages/sqlalchemy/util/_concurrency_py3k.py", line 190, in greenlet_spawn
    result = context.throw(*sys.exc_info())
             ^^^^^^^^^^^^^^^^^^^^^^^^^^^^^^
  File "/app/database/migrations/env.py", line 68, in do_run_migrations
    with context.begin_transaction():
  File "/usr/local/lib/python3.11/site-packages/alembic/runtime/migration.py", line 84, in __exit__
    self._proxied_transaction.__exit__(type_, value, traceback)
  File "/usr/local/lib/python3.11/site-packages/sqlalchemy/engine/util.py", line 146, in __exit__
    with util.safe_reraise():
  File "/usr/local/lib/python3.11/site-packages/sqlalchemy/util/langhelpers.py", line 146, in __exit__
    raise exc_value.with_traceback(exc_tb)
  File "/usr/local/lib/python3.11/site-packages/sqlalchemy/engine/util.py", line 144, in __exit__
    self.commit()
  File "/usr/local/lib/python3.11/site-packages/sqlalchemy/engine/base.py", line 2615, in commit
    self._do_commit()
  File "/usr/local/lib/python3.11/site-packages/sqlalchemy/engine/base.py", line 2720, in _do_commit
    self._connection_commit_impl()
  File "/usr/local/lib/python3.11/site-packages/sqlalchemy/engine/base.py", line 2691, in _connection_commit_impl
    self.connection._commit_impl()
  File "/usr/local/lib/python3.11/site-packages/sqlalchemy/engine/base.py", line 1134, in _commit_impl
    self._handle_dbapi_exception(e, None, None, None, None)
  File "/usr/local/lib/python3.11/site-packages/sqlalchemy/engine/base.py", line 2339, in _handle_dbapi_exception
    raise sqlalchemy_exception.with_traceback(exc_info[2]) from e
  File "/usr/local/lib/python3.11/site-packages/sqlalchemy/engine/base.py", line 1132, in _commit_impl
    self.engine.dialect.do_commit(self.connection)
  File "/usr/local/lib/python3.11/site-packages/sqlalchemy/engine/default.py", line 694, in do_commit
    dbapi_connection.commit()
  File "/usr/local/lib/python3.11/site-packages/sqlalchemy/dialects/postgresql/asyncpg.py", line 880, in commit
    self._handle_exception(error)
  File "/usr/local/lib/python3.11/site-packages/sqlalchemy/dialects/postgresql/asyncpg.py", line 802, in _handle_exception
    raise translated_error from error
sqlalchemy.exc.DBAPIError: (sqlalchemy.dialects.postgresql.asyncpg.Error) <class 'asyncpg.exceptions.ConnectionDoesNotExistError'>: connection was closed in the middle of operation
(Background on this error at: https://sqlalche.me/e/20/dbapi)

2025-12-18 17:41:48 | ERROR    | Ошибка при применении миграций: Миграции не применены: INFO  [alembic.runtime.migration] Context impl PostgresqlImpl.
INFO  [alembic.runtime.migration] Will assume transactional DDL.
Traceback (most recent call last):
  File "/usr/local/lib/python3.11/site-packages/sqlalchemy/dialects/postgresql/asyncpg.py", line 878, in commit
    self.await_(self._transaction.commit())
  File "/usr/local/lib/python3.11/site-packages/sqlalchemy/util/_concurrency_py3k.py", line 125, in await_only
    return current.driver.switch(awaitable)  # type: ignore[no-any-return]
           ^^^^^^^^^^^^^^^^^^^^^^^^^^^^^^^^
  File "/usr/local/lib/python3.11/site-packages/sqlalchemy/util/_concurrency_py3k.py", line 185, in greenlet_spawn
    value = await result
            ^^^^^^^^^^^^
  File "/usr/local/lib/python3.11/site-packages/asyncpg/transaction.py", line 219, in commit
    await self.__commit()
  File "/usr/local/lib/python3.11/site-packages/asyncpg/transaction.py", line 187, in __commit
    await self._connection.execute(query)
  File "/usr/local/lib/python3.11/site-packages/asyncpg/connection.py", line 350, in execute
    result = await self._protocol.query(query, timeout)
             ^^^^^^^^^^^^^^^^^^^^^^^^^^^^^^^^^^^^^^^^^^
  File "asyncpg/protocol/protocol.pyx", line 374, in query
asyncpg.exceptions.ConnectionDoesNotExistError: connection was closed in the middle of operation

The above exception was the direct cause of the following exception:

Traceback (most recent call last):
  File "/usr/local/lib/python3.11/site-packages/sqlalchemy/engine/base.py", line 1132, in _commit_impl
    self.engine.dialect.do_commit(self.connection)
  File "/usr/local/lib/python3.11/site-packages/sqlalchemy/engine/default.py", line 694, in do_commit
    dbapi_connection.commit()
  File "/usr/local/lib/python3.11/site-packages/sqlalchemy/dialects/postgresql/asyncpg.py", line 880, in commit
    self._handle_exception(error)
  File "/usr/local/lib/python3.11/site-packages/sqlalchemy/dialects/postgresql/asyncpg.py", line 802, in _handle_exception
    raise translated_error from error
sqlalchemy.dialects.postgresql.asyncpg.AsyncAdapt_asyncpg_dbapi.Error: <class 'asyncpg.exceptions.ConnectionDoesNotExistError'>: connection was closed in the middle of operation

The above exception was the direct cause of the following exception:

Traceback (most recent call last):
  File "/app/scripts/migrate.py", line 56, in <module>
    main()
  File "/app/scripts/migrate.py", line 37, in main
    command.upgrade(alembic_cfg, revision)
  File "/usr/local/lib/python3.11/site-packages/alembic/command.py", line 403, in upgrade
    script.run_env()
  File "/usr/local/lib/python3.11/site-packages/alembic/script/base.py", line 583, in run_env
    util.load_python_file(self.dir, "env.py")
  File "/usr/local/lib/python3.11/site-packages/alembic/util/pyfiles.py", line 95, in load_python_file
    module = load_module_py(module_id, path)
             ^^^^^^^^^^^^^^^^^^^^^^^^^^^^^^^
  File "/usr/local/lib/python3.11/site-packages/alembic/util/pyfiles.py", line 113, in load_module_py
    spec.loader.exec_module(module)  # type: ignore
    ^^^^^^^^^^^^^^^^^^^^^^^^^^^^^^^
  File "<frozen importlib._bootstrap_external>", line 940, in exec_module
  File "<frozen importlib._bootstrap>", line 241, in _call_with_frames_removed
  File "/app/database/migrations/env.py", line 94, in <module>
    asyncio.run(run_migrations_online())
  File "/usr/local/lib/python3.11/asyncio/runners.py", line 190, in run
    return runner.run(main)
           ^^^^^^^^^^^^^^^^
  File "/usr/local/lib/python3.11/asyncio/runners.py", line 118, in run
    return self._loop.run_until_complete(task)
           ^^^^^^^^^^^^^^^^^^^^^^^^^^^^^^^^^^^
  File "/usr/local/lib/python3.11/asyncio/base_events.py", line 654, in run_until_complete
    return future.result()
           ^^^^^^^^^^^^^^^
  File "/app/database/migrations/env.py", line 85, in run_migrations_online
    await connection.run_sync(do_run_migrations)
  File "/usr/local/lib/python3.11/site-packages/sqlalchemy/ext/asyncio/engine.py", line 884, in run_sync
    return await greenlet_spawn(fn, self._proxied, *arg, **kw)
           ^^^^^^^^^^^^^^^^^^^^^^^^^^^^^^^^^^^^^^^^^^^^^^^^^^^
  File "/usr/local/lib/python3.11/site-packages/sqlalchemy/util/_concurrency_py3k.py", line 190, in greenlet_spawn
    result = context.throw(*sys.exc_info())
             ^^^^^^^^^^^^^^^^^^^^^^^^^^^^^^
  File "/app/database/migrations/env.py", line 68, in do_run_migrations
    with context.begin_transaction():
  File "/usr/local/lib/python3.11/site-packages/alembic/runtime/migration.py", line 84, in __exit__
    self._proxied_transaction.__exit__(type_, value, traceback)
  File "/usr/local/lib/python3.11/site-packages/sqlalchemy/engine/util.py", line 146, in __exit__
    with util.safe_reraise():
  File "/usr/local/lib/python3.11/site-packages/sqlalchemy/util/langhelpers.py", line 146, in __exit__
    raise exc_value.with_traceback(exc_tb)
  File "/usr/local/lib/python3.11/site-packages/sqlalchemy/engine/util.py", line 144, in __exit__
    self.commit()
  File "/usr/local/lib/python3.11/site-packages/sqlalchemy/engine/base.py", line 2615, in commit
    self._do_commit()
  File "/usr/local/lib/python3.11/site-packages/sqlalchemy/engine/base.py", line 2720, in _do_commit
    self._connection_commit_impl()
  File "/usr/local/lib/python3.11/site-packages/sqlalchemy/engine/base.py", line 2691, in _connection_commit_impl
    self.connection._commit_impl()
  File "/usr/local/lib/python3.11/site-packages/sqlalchemy/engine/base.py", line 1134, in _commit_impl
    self._handle_dbapi_exception(e, None, None, None, None)
  File "/usr/local/lib/python3.11/site-packages/sqlalchemy/engine/base.py", line 2339, in _handle_dbapi_exception
    raise sqlalchemy_exception.with_traceback(exc_info[2]) from e
  File "/usr/local/lib/python3.11/site-packages/sqlalchemy/engine/base.py", line 1132, in _commit_impl
    self.engine.dialect.do_commit(self.connection)
  File "/usr/local/lib/python3.11/site-packages/sqlalchemy/engine/default.py", line 694, in do_commit
    dbapi_connection.commit()
  File "/usr/local/lib/python3.11/site-packages/sqlalchemy/dialects/postgresql/asyncpg.py", line 880, in commit
    self._handle_exception(error)
  File "/usr/local/lib/python3.11/site-packages/sqlalchemy/dialects/postgresql/asyncpg.py", line 802, in _handle_exception
    raise translated_error from error
sqlalchemy.exc.DBAPIError: (sqlalchemy.dialects.postgresql.asyncpg.Error) <class 'asyncpg.exceptions.ConnectionDoesNotExistError'>: connection was closed in the middle of operation
(Background on this error at: https://sqlalche.me/e/20/dbapi)

2025-12-18 17:41:48 | INFO     | ✅ Задача еженедельной отправки бэкапов админам добавлена (каждый понедельник в 3:00 UTC)
2025-12-18 17:41:48 | INFO     | 📄 Найдено в .env файле: TEST_MODE=false
2025-12-18 17:41:48 | INFO     | ✅ Перезагружен .env файл: /app/.env
2025-12-18 17:41:48 | INFO     | 🔍 TEST_MODE = False (тип: bool)
2025-12-18 17:41:48 | INFO     | 🔍 TEST_MODE из env: 'false' (тип: str)
2025-12-18 17:41:48 | INFO     | Bot started
2025-12-18 17:41:51 | INFO     | Database engine initialized successfully
2025-12-18 17:41:51 | INFO     | Проверка и применение миграций базы данных...
2025-12-18 17:41:51 | INFO     | Подключение к базе данных установлено
2025-12-18 17:41:52 | INFO     | Database engine initialized successfully
2025-12-18 17:41:52 | INFO     | Миграции применены успешно. Найдено таблиц: 15
2025-12-18 17:41:52 | INFO     | ✅ Задача еженедельной отправки бэкапов админам добавлена (каждый понедельник в 3:00 UTC)
2025-12-18 17:41:52 | INFO     | 📄 Найдено в .env файле: TEST_MODE=false
2025-12-18 17:41:52 | INFO     | ✅ Перезагружен .env файл: /app/.env
2025-12-18 17:41:52 | INFO     | 🔍 TEST_MODE = False (тип: bool)
2025-12-18 17:41:52 | INFO     | 🔍 TEST_MODE из env: 'false' (тип: str)
2025-12-18 17:41:52 | INFO     | Bot started
